<?xml version="1.0"?>
<!--
  ~ Copyright (C) 2010-2023 Evolveum and contributors
  ~
  ~ This work is dual-licensed under the Apache License 2.0
  ~ and European Union Public License. See LICENSE file for details.
  -->
<configuration>
    <midpoint>
        <global>
            <extensionDir>./src/test/resources/schema</extensionDir>
        </global>
        <repository>
            <type>native</type>

            <!--
            Use this Vagrantbox to run this:
            https://github.com/virgo47/midpoint-vagrantboxes/tree/master/vagrant-midpoint-db-pg-repo
            Then connect to it with the info below and execute postgres.sql and postgres-audit.sql
            files to initialize the DB.
            -->
            <database>postgresql</database>
            <jdbcUrl>jdbc:postgresql://127.0.0.1:5432/midtest</jdbcUrl>
            <jdbcUsername>midtest</jdbcUsername>
            <jdbcPassword>password</jdbcPassword>

            <performanceStatisticsLevel>10</performanceStatisticsLevel>
            <performanceStatisticsFile>./target/performance.log</performanceStatisticsFile>
        </repository>
        <workflow>
            <enabled>true</enabled>
        </workflow>
        <audit>
            <auditService>
                <auditServiceFactoryClass>com.evolveum.midpoint.audit.impl.LoggerAuditServiceFactory</auditServiceFactoryClass>
            </auditService>
            <auditService>
                <auditServiceFactoryClass>com.evolveum.midpoint.repo.sqale.audit.SqaleAuditServiceFactory</auditServiceFactoryClass>
                <!-- Needed for model-intest where these properties are used. -->
                <customColumn>
                    <columnName>foo</columnName>
                    <eventRecordPropertyName>foo</eventRecordPropertyName>
                </customColumn>
                <customColumn>
                    <columnName>ship</columnName>
                    <eventRecordPropertyName>ship</eventRecordPropertyName>
                </customColumn>
                <createMissingCustomColumns>true</createMissingCustomColumns>
            </auditService>
            <auditService>
                <auditServiceFactoryClass>com.evolveum.midpoint.test.DummyAuditServiceFactory</auditServiceFactoryClass>
            </auditService>
        </audit>
        <taskManager>
            <jdbcJobStore>false</jdbcJobStore>
            <waitingTasksCheckInterval>5</waitingTasksCheckInterval>
            <testMode>true</testMode>
            <useThreadInterrupt>whenNecessary</useThreadInterrupt> <!-- needed for task manager tests -->
            <threads>50</threads> <!-- some performance tests use this -->
        </taskManager>
        <icf>
            <scanClasspath>true</scanClasspath>
            <scanDirectory>${midpoint.home}/connid-connectors</scanDirectory>
        </icf>
        <keystore>
            <keyStorePath>${midpoint.home}/keystore.jceks</keyStorePath>
            <keyStorePassword>changeit</keyStorePassword>
            <encryptionKeyAlias>default</encryptionKeyAlias>
        </keystore>
        <constants>
            <useless>xUSEless</useless>
            <drink>rum</drink>
            <blabla>Bla bla bla</blabla>
            <baseDn>dc=example,dc=com</baseDn>
            <passwordClear>secret</passwordClear>
            <adBaseDn>DC=ad,DC=evolveum,DC=com</adBaseDn>
            <adUsersDn>CN=Users,DC=ad,DC=evolveum,DC=com</adUsersDn>
            <ad2012BaseDn>DC=ad2012,DC=lab,DC=evolveum,DC=com</ad2012BaseDn>
            <ad2012UsersDn>CN=Users,DC=ad2012,DC=lab,DC=evolveum,DC=com</ad2012UsersDn>
            <ad2019BaseDn>DC=ad2019,DC=lab,DC=evolveum,DC=com</ad2019BaseDn>
            <ad2019UsersDn>CN=Users,DC=ad2019,DC=lab,DC=evolveum,DC=com</ad2019UsersDn>
            <ad2016BaseDn>DC=ad2016,DC=lab,DC=evolveum,DC=com</ad2016BaseDn>
            <ad2016UsersDn>CN=Users,DC=ad2016,DC=lab,DC=evolveum,DC=com</ad2016UsersDn>
            <ad2022BaseDn>DC=ad2022,DC=lab,DC=evolveum,DC=com</ad2022BaseDn>
            <ad2022UsersDn>CN=Users,DC=ad2022,DC=lab,DC=evolveum,DC=com</ad2022UsersDn>
        </constants>
    </midpoint>
</configuration>
