<?xml version="1.0"?>
<!--
  ~ Copyright (C) 2010-2021 Evolveum and contributors
  ~
  ~ Licensed under the EUPL-1.2 or later.
  -->

<configuration>
    <midpoint>
        <global>
            <extensionDir>./src/test/resources/schema</extensionDir>
        </global>
        <repository>
            <repositoryServiceFactoryClass>com.evolveum.midpoint.repo.sql.testing.TestSqlRepositoryFactory</repositoryServiceFactoryClass>
            <dropIfExists>true</dropIfExists>
        </repository>
        <audit>
            <auditService>
                <auditServiceFactoryClass>com.evolveum.midpoint.audit.impl.LoggerAuditServiceFactory</auditServiceFactoryClass>
            </auditService>
            <auditService>
                <auditServiceFactoryClass>com.evolveum.midpoint.test.DummyAuditServiceFactory</auditServiceFactoryClass>
            </auditService>
        </audit>
        <taskManager>
            <jdbcJobStore>false</jdbcJobStore>
            <testMode>true</testMode>
        </taskManager>
        <icf>
            <scanClasspath>true</scanClasspath>
            <scanDirectory>/C:/tmp</scanDirectory>
            <scanDirectory>/var/tmp</scanDirectory>
            <scanDirectory>${midpoint.home}/icf-connectors</scanDirectory>
            <scanDirectory>${midpoint.home}/connid-connectors</scanDirectory>
        </icf>
        <keystore>
            <keyStorePath>${midpoint.home}/keystore.jceks</keyStorePath>
            <keyStorePassword>changeit</keyStorePassword>
            <encryptionKeyAlias>default</encryptionKeyAlias>
        </keystore>
    </midpoint>
</configuration>
