<?xml version="1.0"?>
<!--
  ~ Copyright (c) 2010-2017 Evolveum and contributors
  ~
  ~ This work is dual-licensed under the Apache License 2.0
  ~ and European Union Public License. See LICENSE file for details.
  -->
<configuration>
    <midpoint>
        <global>
            <extensionDir>./src/test/resources/schema</extensionDir>
        </global>
        <repository>
            <repositoryServiceFactoryClass>com.evolveum.midpoint.repo.sql.testing.TestSqlRepositoryFactory</repositoryServiceFactoryClass>
            <port>5438</port>
            <asServer>true</asServer>
            <!--<baseDir>target</baseDir>-->
            <dropIfExists>true</dropIfExists>

            <performanceStatisticsLevel>10</performanceStatisticsLevel>
            <performanceStatisticsFile>./target/performance.log</performanceStatisticsFile>
        </repository>
        <workflow>
            <enabled>true</enabled>
        </workflow>
        <audit>
            <auditService>
                <auditServiceFactoryClass>com.evolveum.midpoint.audit.impl.LoggerAuditServiceFactory</auditServiceFactoryClass>
            </auditService>
            <auditService>
                <auditServiceFactoryClass>com.evolveum.midpoint.repo.sql.testing.TestSqlAuditServiceFactory</auditServiceFactoryClass>
            </auditService>
            <auditService>
                <auditServiceFactoryClass>com.evolveum.midpoint.test.DummyAuditServiceFactory</auditServiceFactoryClass>
            </auditService>
        </audit>
        <taskManager>
            <jdbcJobStore>false</jdbcJobStore>
            <waitingTasksCheckInterval>5</waitingTasksCheckInterval>
            <testMode>true</testMode>
            <useThreadInterrupt>whenNecessary</useThreadInterrupt>              <!-- needed for task manager tests -->
        </taskManager>
        <icf>
            <scanClasspath>true</scanClasspath>
            <!-- <scanDirectory>/C:/tmp</scanDirectory>
            <scanDirectory>/var/tmp</scanDirectory>  -->
            <scanDirectory>${midpoint.home}/icf-connectors</scanDirectory>
        </icf>
        <keystore>
            <keyStorePath>${midpoint.home}/keystore.jceks</keyStorePath>
            <keyStorePassword>changeit</keyStorePassword>
            <encryptionKeyAlias>default</encryptionKeyAlias>
        </keystore>
        <constants>
            <useless>xUSEless</useless>
            <drink>rum</drink>
            <blabla>Bla bla bla</blabla>
            <baseDn>dc=example,dc=com</baseDn>
            <passwordClear>secret</passwordClear>
            <adBaseDn>DC=ad,DC=evolveum,DC=com</adBaseDn>
            <adUsersDn>CN=Users,DC=ad,DC=evolveum,DC=com</adUsersDn>
        </constants>
    </midpoint>
</configuration>
