<?xml version="1.0"?>
<!--
  ~ Copyright (C) 2010-2023 Evolveum and contributors
  ~
  ~ This work is dual-licensed under the Apache License 2.0
  ~ and European Union Public License. See LICENSE file for details.
  -->

<!--
Keep the file name of this XML config the same as for other Native repo tests.
This way the code in BaseTest.setupMidpointHome does what is expected.
-->
<configuration>
    <midpoint>
        <repository>
            <type>native</type>

            <!--
            Use this Vagrantbox to run this:
            https://github.com/virgo47/midpoint-vagrantboxes/tree/master/vagrant-midpoint-db-pg-new-repo
            Then connect to it with the info below and execute postgres-new.sql and postgres-new-audit.sql
            files to initialize the DB.
            -->
            <database>postgresql</database>
            <jdbcUrl>jdbc:postgresql://192.168.56.33:5432/midtest</jdbcUrl>
            <jdbcUsername>midtest</jdbcUsername>
            <jdbcPassword>password</jdbcPassword>

            <performanceStatisticsLevel>10</performanceStatisticsLevel>
            <performanceStatisticsFile>./target/performance.log</performanceStatisticsFile>
        </repository>
        <audit>
            <auditService>
                <auditServiceFactoryClass>com.evolveum.midpoint.audit.impl.LoggerAuditServiceFactory</auditServiceFactoryClass>
            </auditService>
            <auditService>
                <auditServiceFactoryClass>com.evolveum.midpoint.repo.sqale.audit.SqaleAuditServiceFactory</auditServiceFactoryClass>
            </auditService>
        </audit>
        <icf>
            <scanClasspath>true</scanClasspath>
            <scanDirectory>${midpoint.home}/icf-connectors</scanDirectory>
        </icf>
        <keystore>
            <keyStorePath>${midpoint.home}/keystore.jceks</keyStorePath>
            <keyStorePassword>changeit</keyStorePassword>
            <encryptionKeyAlias>default</encryptionKeyAlias>
        </keystore>
    </midpoint>
</configuration>
