<?xml version="1.0" encoding="UTF-8" standalone="yes"?>
<!--
  ~ Copyright (c) 2010-2017 Evolveum and contributors
  ~
  ~ Licensed under the EUPL-1.2 or later.
  -->

<s:search xmlns:s="http://midpoint.evolveum.com/xml/ns/public/model/scripting-3"
          xmlns:c="http://midpoint.evolveum.com/xml/ns/public/common/common-3">
    <s:type>c:ResourceType</s:type>
    <s:searchFilter>
        <equal xmlns="http://prism.evolveum.com/xml/ns/public/query-3">
            <path>c:name</path>
            <value>Dummy Resource</value>
        </equal>
    </s:searchFilter>
    <s:testResource/>
</s:search>
