<?xml version="1.0"?>
<!--
  ~ Copyright (C) 2010-2021 Evolveum and contributors
  ~
  ~ Licensed under the EUPL-1.2 or later.
  -->

<configuration>
    <midpoint>
        <global>
            <extensionDir>./src/test/resources/schema</extensionDir>
        </global>
        <repository>
            <repositoryServiceFactoryClass>com.evolveum.midpoint.repo.sql.testing.TestSqlRepositoryFactory</repositoryServiceFactoryClass>
            <dropIfExists>true</dropIfExists>

            <performanceStatisticsLevel>10</performanceStatisticsLevel>
            <performanceStatisticsFile>./target/performance.log</performanceStatisticsFile>
        </repository>
        <keystore>
            <keyStorePath>${midpoint.home}/keystore.jceks</keyStorePath>
            <keyStorePassword>changeit</keyStorePassword>
            <encryptionKeyAlias>default</encryptionKeyAlias>
        </keystore>
    </midpoint>
</configuration>
