<?xml version="1.0"?>
<!--
  ~ Copyright (c) 2010-2019 Evolveum and contributors
  ~
  ~ This work is dual-licensed under the Apache License 2.0
  ~ and European Union Public License. See LICENSE file for details.
  -->
<configuration>
    <midpoint>
        <global>
            <extensionDir>./src/test/resources/schema</extensionDir>
        </global>
        <repository>
            <repositoryServiceFactoryClass>com.evolveum.midpoint.repo.sql.testing.TestSqlRepositoryFactory</repositoryServiceFactoryClass>
            <port>5438</port>
            <asServer>true</asServer>
            <!--<baseDir>target</baseDir>-->
            <dropIfExists>true</dropIfExists>

            <performanceStatisticsLevel>10</performanceStatisticsLevel>
            <performanceStatisticsFile>./target/performance.log</performanceStatisticsFile>
        </repository>
        <keystore>
            <keyStorePath>${midpoint.home}/keystore.jceks</keyStorePath>
            <keyStorePassword>changeit</keyStorePassword>
            <encryptionKeyAlias>default</encryptionKeyAlias>
        </keystore>
    </midpoint>
</configuration>
