<?xml version="1.0"?>
<!--
  ~ Copyright (C) 2010-2023 Evolveum and contributors
  ~
  ~ Licensed under the EUPL-1.2 or later.
  -->

<configuration>
    <midpoint>
        <global>
            <extensionDir>./src/test/resources/schema</extensionDir>
        </global>
        <repository>
            <type>native</type>

            <!--
            Use this Vagrantbox to run this:
            https://github.com/virgo47/midpoint-vagrantboxes/tree/master/vagrant-midpoint-db-pg-repo
            Then connect to it with the info below and execute postgres.sql and postgres-audit.sql
            files to initialize the DB.
            -->
            <database>postgresql</database>
            <jdbcUrl>jdbc:postgresql://127.0.0.1:5432/midtest</jdbcUrl>
            <jdbcUsername>midtest</jdbcUsername>
            <jdbcPassword>password</jdbcPassword>

            <performanceStatisticsLevel>10</performanceStatisticsLevel>
            <performanceStatisticsFile>./target/performance.log</performanceStatisticsFile>
        </repository>
        <keystore>
            <keyStorePath>${midpoint.home}/keystore.jceks</keyStorePath>
            <keyStorePassword>changeit</keyStorePassword>
            <encryptionKeyAlias>default</encryptionKeyAlias>
        </keystore>
    </midpoint>
</configuration>
