<!--
  ~ Copyright (C) 2010-2025 Evolveum and contributors
  ~
  ~ This work is dual-licensed under the Apache License 2.0
  ~ and European Union Public License. See LICENSE file for details.
  -->

<statistics
        xmlns="http://midpoint.evolveum.com/xml/ns/public/common/common-3"
        xmlns:icfs="http://midpoint.evolveum.com/xml/ns/public/connector/icf-1/resource-schema-3"
        xmlns:xsi="http://www.w3.org/2001/XMLSchema-instance"
        xsi:type="ShadowObjectClassStatisticsType">
    <attribute>
        <ref>icfs:name</ref>
        <missingValueCount>10</missingValueCount>
    </attribute>
    <size>1000</size>
    <coverage>1.0</coverage>
</statistics>
